============================= test session starts =============================
platform win32 -- Python 3.12.10, pytest-7.4.3, pluggy-1.6.0 -- C:\Users\isaia\AppData\Local\Programs\Python\Python312\python.exe
cachedir: .pytest_cache
rootdir: C:\Users\isaia\Desktop\Orojects\Projects\Whisper
configfile: pytest.ini
plugins: anyio-4.12.1, langsmith-0.4.56, asyncio-0.21.1
asyncio: mode=Mode.STRICT
collecting ... collected 70 items

tests/test_router_agent.py::TestVoiceAgentRouter::test_file_command_route_reads_file PASSED
tests/test_router_agent.py::TestVoiceAgentRouter::test_file_command_uses_text_filename_when_missing PASSED
tests/test_router_agent.py::TestVoiceAgentRouter::test_grammar_route_uses_grammar_tool PASSED
tests/test_router_agent.py::TestVoiceAgentRouter::test_ollama_failure_falls_back PASSED
tests/test_router_agent.py::TestVoiceAgentRouter::test_transcribe_route_keeps_text PASSED
tests/test_tools_module.py::TestToolsModule::test_get_active_context_placeholder PASSED
tests/test_tools_module.py::TestToolsModule::test_read_project_file_blocks_traversal PASSED
tests/test_tools_module.py::TestToolsModule::test_read_project_file_reads_readme PASSED
tests/test_transcription.py::TestModelConfiguration::test_model_paths_defined [DEBUG] get_user_data_dir (flow_local_dictation.py): C:\Users\isaia\Desktop\Orojects\Projects\Whisper\output
[DEBUG] get_user_data_dir (flow_local_dictation.py): C:\Users\isaia\Desktop\Orojects\Projects\Whisper\output
[DEBUG] Stats tracker initialized with file: C:\Users\isaia\Desktop\Orojects\Projects\Whisper\output\state\whisper_stats.json
[SESSION] App started with 89425 total words
[DEBUG] Achievement tracker initialized
[DEBUG] get_user_data_dir (flow_local_dictation.py): C:\Users\isaia\Desktop\Orojects\Projects\Whisper\output
[DEBUG] get_user_data_dir (flow_local_dictation.py): C:\Users\isaia\Desktop\Orojects\Projects\Whisper\output
PASSED
tests/test_transcription.py::TestModelConfiguration::test_word_thresholds_defined PASSED
tests/test_transcription.py::TestModelConfiguration::test_word_thresholds_reasonable PASSED
tests/test_transcription.py::TestModelSelection::test_long_phrase_threshold PASSED
tests/test_transcription.py::TestModelSelection::test_medium_phrase_threshold PASSED
tests/test_transcription.py::TestModelSelection::test_short_phrase_threshold PASSED
tests/test_transcription.py::TestTranscriptSanitization::test_basic_text_preserved PASSED
tests/test_transcription.py::TestTranscriptSanitization::test_empty_input PASSED
tests/test_transcription.py::TestTranscriptSanitization::test_handles_special_characters PASSED
tests/test_transcription.py::TestTranscriptSanitization::test_preserves_multiline_content PASSED
tests/test_transcription.py::TestTranscriptSanitization::test_removes_blank_audio_tokens PASSED
tests/test_transcription.py::TestTranscriptSanitization::test_removes_github_notices PASSED
tests/test_transcription.py::TestTranscriptSanitization::test_removes_warning_lines PASSED
tests/test_transcription.py::TestTranscriptSanitization::test_strips_whitespace PASSED
tests/test_transcription.py::TestWhisperBinaryResolution::test_timeout_reasonable PASSED
tests/test_transcription.py::TestWhisperBinaryResolution::test_whisper_bin_defined PASSED
tests/test_transcription.py::TestWhisperBinaryResolution::test_whisper_candidates_defined PASSED
tests/test_transcription.py::TestWhisperRuntimeArgs::test_run_whisper_keeps_ngl_for_main_exe MODEL_PATH_BASE -> C:\Users\isaia\Desktop\Orojects\Projects\Whisper\runtime\models\ggml-base.en.bin
MODEL_PATH_MEDIUM -> C:\Users\isaia\Desktop\Orojects\Projects\Whisper\runtime\models\ggml-medium.en.bin
MODEL_PATH_LARGE -> C:\Users\isaia\Desktop\Orojects\Projects\Whisper\runtime\models\ggml-large-v3.bin
MODEL_SIZE (base) -> 148.0 MB
MODEL_SIZE (medium) -> 1533.8 MB
MODEL_SIZE (large) -> 3095.0 MB
[whisper] 1.0s audio: fast-gpu mode (bs=12)
DEBUG exe = C:\Users\isaia\Desktop\Orojects\Projects\Whisper\main.exe
DEBUG wav_path = dummy.wav
DEBUG cmd = ['C:\\Users\\isaia\\Desktop\\Orojects\\Projects\\Whisper\\main.exe', '-m', 'dummy-model.bin', '-f', 'dummy.wav', '-l', 'en', '-nt', '-mc', '0', '-bs', '12', '-t', '2', '-ngl', '999', '-fa', '-otxt', '-of', 'C:\\Users\\isaia\\AppData\\Local\\Temp\\flow_out_09166bae020e4284bb3a44deca5835a8', '--prompt', 'Shure SM7B, Audient iD14, XLR, Preamp, Phantom Power 48V, Ableton Live, Pro Tools, VST plugins, Sidechain compression, High-pass filter HPF, Low-pass filter LPF, Q-factor, THD+N, Signal-to-Noise Ratio SNR, Hz, kHz, Bit-depth, Python, JSON, C++, CUDA, WSL, GitHub, pandas, numpy, PyTorch, TensorFlow, Transformer, __init__, snake_case, camelCase, def, import, Dota 2, RuneScape, Mid lane, Gank, DPS, Aggro, localhost, 127.0.0.1, sudo, apt-get, Custom vocabulary: Isaiah, Zay, Claude, Claude Code, Google Gemini, Gemini, Codex, ChatGPT, Jarvis Ableton, Whisper Local, Chat GPT, BidFTA', '-ngl', '99']
[whisper] exit=0 stdout=0B stderr=0B out='C:\Users\isaia\AppData\Local\Temp\flow_out_09166bae020e4284bb3a44deca5835a8.txt'
[whisper] empty transcript; stderr head:

PASSED
tests/test_transcription.py::TestWhisperRuntimeArgs::test_run_whisper_omits_ngl_for_whisper_cli [whisper] 1.0s audio: fast-gpu mode (bs=12)
DEBUG exe = C:\Users\isaia\Desktop\Orojects\Projects\Whisper\whisper-cli.exe
DEBUG wav_path = dummy.wav
DEBUG cmd = ['C:\\Users\\isaia\\Desktop\\Orojects\\Projects\\Whisper\\whisper-cli.exe', '-m', 'dummy-model.bin', '-l', 'en', '-nt', '-mc', '0', '-bs', '12', '-t', '2', '-fa', '-otxt', '-of', 'C:\\Users\\isaia\\AppData\\Local\\Temp\\flow_out_f118962374eb485d8ac247c42da10418', '--prompt', 'Shure SM7B, Audient iD14, XLR, Preamp, Phantom Power 48V, Ableton Live, Pro Tools, VST plugins, Sidechain compression, High-pass filter HPF, Low-pass filter LPF, Q-factor, THD+N, Signal-to-Noise Ratio SNR, Hz, kHz, Bit-depth, Python, JSON, C++, CUDA, WSL, GitHub, pandas, numpy, PyTorch, TensorFlow, Transformer, __init__, snake_case, camelCase, def, import, Dota 2, RuneScape, Mid lane, Gank, DPS, Aggro, localhost, 127.0.0.1, sudo, apt-get, Custom vocabulary: Isaiah, Zay, Claude, Claude Code, Google Gemini, Gemini, Codex, ChatGPT, Jarvis Ableton, Whisper Local, Chat GPT, BidFTA', 'dummy.wav']
[whisper] exit=0 stdout=0B stderr=0B out='C:\Users\isaia\AppData\Local\Temp\flow_out_f118962374eb485d8ac247c42da10418.txt'
[whisper] empty transcript; stderr head:

PASSED
tests/test_transcription.py::TestInputValidation::test_max_line_length PASSED
tests/test_transcription.py::TestInputValidation::test_max_transcript_lines PASSED
tests/test_transcription.py::TestInputValidation::test_max_transcript_size PASSED
tests/test_transcription.py::TestPostProcessing::test_bullet_mode_defined PASSED
tests/test_transcription.py::TestPostProcessing::test_filler_mode_defined PASSED
tests/test_transcription.py::TestPostProcessing::test_punct_mode_defined PASSED
tests/test_transcription.py::TestTranscriptionState::test_last_transcription_storage PASSED
tests/test_transcription.py::TestTranscriptionState::test_transcribing_flag_exists PASSED
tests/test_transcription.py::TestWhisperCommandBuilding::test_command_includes_binary PASSED
tests/test_transcription.py::TestWhisperCommandBuilding::test_command_includes_input_file PASSED
tests/test_transcription.py::TestWhisperCommandBuilding::test_command_includes_model PASSED
tests/test_ui.py::TestThemeConfiguration::test_theme_class_exists PASSED
tests/test_ui.py::TestThemeConfiguration::test_theme_colors_are_valid_hex PASSED
tests/test_ui.py::TestThemeConfiguration::test_theme_has_required_colors PASSED
tests/test_ui.py::TestStatusMessages::test_status_messages_use_emojis PASSED
tests/test_ui.py::TestUIConfiguration::test_hotkey_debounce_defined PASSED
tests/test_ui.py::TestUIConfiguration::test_hotkey_defined PASSED
tests/test_ui.py::TestUIConfiguration::test_status_display_duration PASSED
tests/test_ui.py::TestUIConfiguration::test_ui_animation_fps PASSED
tests/test_ui.py::TestUIConfiguration::test_ui_queue_poll_rate PASSED
tests/test_ui.py::TestUIState::test_dashboard_window_reference PASSED
tests/test_ui.py::TestUIState::test_ui_queue_exists PASSED
tests/test_ui.py::TestApplicationMetadata::test_app_author_defined PASSED
tests/test_ui.py::TestApplicationMetadata::test_app_name_defined PASSED
tests/test_ui.py::TestApplicationMetadata::test_app_version_defined PASSED
tests/test_ui.py::TestPathResolution::test_get_app_dir PASSED
tests/test_ui.py::TestPathResolution::test_get_bundle_dir PASSED
tests/test_ui.py::TestPathResolution::test_get_config_file [DEBUG] get_user_data_dir (flow_local_dictation.py): C:\Users\isaia\Desktop\Orojects\Projects\Whisper\output
PASSED
tests/test_ui.py::TestPathResolution::test_get_user_data_dir [DEBUG] get_user_data_dir (flow_local_dictation.py): C:\Users\isaia\Desktop\Orojects\Projects\Whisper\output
PASSED
tests/test_ui.py::TestPathResolution::test_is_frozen_function PASSED
tests/test_ui.py::TestNotificationSystem::test_notify_function_exists PASSED
tests/test_ui.py::TestNotificationSystem::test_notify_logs_message PASSED
tests/test_ui.py::TestErrorHandling::test_friendly_error_function_exists PASSED
tests/test_ui.py::TestErrorHandling::test_get_friendly_error_message_exists PASSED
tests/test_ui.py::TestErrorHandling::test_handle_startup_issue_exists PASSED
tests/test_ui.py::TestClipboardOperations::test_clipboard_settle_delay PASSED
tests/test_ui.py::TestSingleInstance::test_singleton_lock_functions_exist PASSED
tests/test_updater_security.py::TestUpdaterSecurity::test_download_refuses_without_hash_metadata PASSED
tests/test_updater_security.py::TestUpdaterSecurity::test_extract_release_hashes_supports_common_formats PASSED
tests/test_updater_security.py::TestUpdaterSecurity::test_verify_installer_requires_hash_and_validates_digest PASSED
tests/test_vocabulary.py::TestVocabulary::test_add_word_is_case_insensitive_unique PASSED
tests/test_vocabulary.py::TestVocabulary::test_compose_prompt_includes_custom_vocabulary PASSED
tests/test_vocabulary.py::TestVocabulary::test_save_and_load_words PASSED

============================= 70 passed in 1.42s ==============================
