============================= test session starts =============================
platform win32 -- Python 3.12.10, pytest-7.4.3, pluggy-1.6.0 -- C:\Users\isaia\AppData\Local\Programs\Python\Python312\python.exe
cachedir: .pytest_cache
rootdir: C:\Users\isaia\Desktop\Orojects\Projects\Whisper
configfile: pytest.ini
plugins: anyio-4.12.1, langsmith-0.4.56, asyncio-0.21.1
asyncio: mode=Mode.STRICT
collecting ... collected 1 item / 1 error

=================================== ERRORS ====================================
___________ ERROR collecting tests/integration/test_gpu_monitor.py ____________
ImportError while importing test module 'C:\Users\isaia\Desktop\Orojects\Projects\Whisper\tests\integration\test_gpu_monitor.py'.
Hint: make sure your test modules/packages have valid Python names.
Traceback:
..\..\..\..\AppData\Local\Programs\Python\Python312\Lib\site-packages\_pytest\python.py:617: in _importtestmodule
    mod = import_path(self.path, mode=importmode, root=self.config.rootpath)
..\..\..\..\AppData\Local\Programs\Python\Python312\Lib\site-packages\_pytest\pathlib.py:567: in import_path
    importlib.import_module(module_name)
..\..\..\..\AppData\Local\Programs\Python\Python312\Lib\importlib\__init__.py:90: in import_module
    return _bootstrap._gcd_import(name[level:], package, level)
<frozen importlib._bootstrap>:1387: in _gcd_import
    ???
<frozen importlib._bootstrap>:1360: in _find_and_load
    ???
<frozen importlib._bootstrap>:1331: in _find_and_load_unlocked
    ???
<frozen importlib._bootstrap>:935: in _load_unlocked
    ???
..\..\..\..\AppData\Local\Programs\Python\Python312\Lib\site-packages\_pytest\assertion\rewrite.py:186: in exec_module
    exec(co, module.__dict__)
tests\integration\test_gpu_monitor.py:15: in <module>
    from whisper_local.gpu_monitor import gpu_monitor
E   ModuleNotFoundError: No module named 'whisper_local'
=========================== short test summary info ===========================
ERROR tests/integration/test_gpu_monitor.py
!!!!!!!!!!!!!!!!!!! Interrupted: 1 error during collection !!!!!!!!!!!!!!!!!!!!
============================== 1 error in 0.39s ===============================
